[2026-03-17 22:48:07] local.ERROR: The "-y" option does not exist. {"exception":"[object] (Symfony\\Component\\Console\\Exception\\RuntimeException(code: 0): The \"-y\" option does not exist. at /Users/carlossilveira/Documents/Personal/techy-laravel/new-laravel/vendor/symfony/console/Input/ArgvInput.php:211)
[stacktrace]
#0 /Users/carlossilveira/Documents/Personal/techy-laravel/new-laravel/vendor/symfony/console/Input/ArgvInput.php(113): Symfony\\Component\\Console\\Input\\ArgvInput->addShortOption('y', NULL)
#1 /Users/carlossilveira/Documents/Personal/techy-laravel/new-laravel/vendor/symfony/console/Input/ArgvInput.php(90): Symfony\\Component\\Console\\Input\\ArgvInput->parseShortOption('-y')
#2 /Users/carlossilveira/Documents/Personal/techy-laravel/new-laravel/vendor/symfony/console/Input/ArgvInput.php(77): Symfony\\Component\\Console\\Input\\ArgvInput->parseToken('-y', true)
#3 /Users/carlossilveira/Documents/Personal/techy-laravel/new-laravel/vendor/symfony/console/Input/Input.php(53): Symfony\\Component\\Console\\Input\\ArgvInput->parse()
#4 /Users/carlossilveira/Documents/Personal/techy-laravel/new-laravel/vendor/symfony/console/Command/Command.php(295): Symfony\\Component\\Console\\Input\\Input->bind(Object(Symfony\\Component\\Console\\Input\\InputDefinition))
#5 /Users/carlossilveira/Documents/Personal/techy-laravel/new-laravel/vendor/laravel/framework/src/Illuminate/Console/Command.php(242): Symfony\\Component\\Console\\Command\\Command->run(Object(Symfony\\Component\\Console\\Input\\ArgvInput), Object(Illuminate\\Console\\OutputStyle))
#6 /Users/carlossilveira/Documents/Personal/techy-laravel/new-laravel/vendor/symfony/console/Application.php(1117): Illuminate\\Console\\Command->run(Object(Symfony\\Component\\Console\\Input\\ArgvInput), Object(Symfony\\Component\\Console\\Output\\ConsoleOutput))
#7 /Users/carlossilveira/Documents/Personal/techy-laravel/new-laravel/vendor/symfony/console/Application.php(356): Symfony\\Component\\Console\\Application->doRunCommand(Object(Illuminate\\Foundation\\Console\\ApiInstallCommand), Object(Symfony\\Component\\Console\\Input\\ArgvInput), Object(Symfony\\Component\\Console\\Output\\ConsoleOutput))
#8 /Users/carlossilveira/Documents/Personal/techy-laravel/new-laravel/vendor/symfony/console/Application.php(195): Symfony\\Component\\Console\\Application->doRun(Object(Symfony\\Component\\Console\\Input\\ArgvInput), Object(Symfony\\Component\\Console\\Output\\ConsoleOutput))
#9 /Users/carlossilveira/Documents/Personal/techy-laravel/new-laravel/vendor/laravel/framework/src/Illuminate/Foundation/Console/Kernel.php(198): Symfony\\Component\\Console\\Application->run(Object(Symfony\\Component\\Console\\Input\\ArgvInput), Object(Symfony\\Component\\Console\\Output\\ConsoleOutput))
#10 /Users/carlossilveira/Documents/Personal/techy-laravel/new-laravel/vendor/laravel/framework/src/Illuminate/Foundation/Application.php(1235): Illuminate\\Foundation\\Console\\Kernel->handle(Object(Symfony\\Component\\Console\\Input\\ArgvInput), Object(Symfony\\Component\\Console\\Output\\ConsoleOutput))
#11 /Users/carlossilveira/Documents/Personal/techy-laravel/new-laravel/artisan(16): Illuminate\\Foundation\\Application->handleCommand(Object(Symfony\\Component\\Console\\Input\\ArgvInput))
#12 {main}
"} 
[2026-03-17 22:48:21] local.ERROR: SQLSTATE[HY000]: General error: 1 table "failed_jobs" already exists (Connection: sqlite, Database: /Users/carlossilveira/Documents/Personal/techy-laravel/new-laravel/database/database.sqlite, SQL: create table "failed_jobs" ("id" integer primary key autoincrement not null, "uuid" varchar not null, "connection" text not null, "queue" text not null, "payload" text not null, "exception" text not null, "failed_at" datetime not null default CURRENT_TIMESTAMP)) {"exception":"[object] (Illuminate\\Database\\QueryException(code: HY000): SQLSTATE[HY000]: General error: 1 table \"failed_jobs\" already exists (Connection: sqlite, Database: /Users/carlossilveira/Documents/Personal/techy-laravel/new-laravel/database/database.sqlite, SQL: create table \"failed_jobs\" (\"id\" integer primary key autoincrement not null, \"uuid\" varchar not null, \"connection\" text not null, \"queue\" text not null, \"payload\" text not null, \"exception\" text not null, \"failed_at\" datetime not null default CURRENT_TIMESTAMP)) at /Users/carlossilveira/Documents/Personal/techy-laravel/new-laravel/vendor/laravel/framework/src/Illuminate/Database/Connection.php:841)
[stacktrace]
#0 /Users/carlossilveira/Documents/Personal/techy-laravel/new-laravel/vendor/laravel/framework/src/Illuminate/Database/Connection.php(797): Illuminate\\Database\\Connection->runQueryCallback('create table \"f...', Array, Object(Closure))
#1 /Users/carlossilveira/Documents/Personal/techy-laravel/new-laravel/vendor/laravel/framework/src/Illuminate/Database/Connection.php(576): Illuminate\\Database\\Connection->run('create table \"f...', Array, Object(Closure))
#2 /Users/carlossilveira/Documents/Personal/techy-laravel/new-laravel/vendor/laravel/framework/src/Illuminate/Database/Schema/Blueprint.php(121): Illuminate\\Database\\Connection->statement('create table \"f...')
#3 /Users/carlossilveira/Documents/Personal/techy-laravel/new-laravel/vendor/laravel/framework/src/Illuminate/Database/Schema/Builder.php(690): Illuminate\\Database\\Schema\\Blueprint->build()
#4 /Users/carlossilveira/Documents/Personal/techy-laravel/new-laravel/vendor/laravel/framework/src/Illuminate/Database/Schema/Builder.php(508): Illuminate\\Database\\Schema\\Builder->build(Object(Illuminate\\Database\\Schema\\Blueprint))
#5 /Users/carlossilveira/Documents/Personal/techy-laravel/new-laravel/vendor/laravel/framework/src/Illuminate/Support/Facades/Facade.php(363): Illuminate\\Database\\Schema\\Builder->create('failed_jobs', Object(Closure))
#6 /Users/carlossilveira/Documents/Personal/techy-laravel/new-laravel/database/migrations/2019_08_19_000000_create_failed_jobs_table.php(16): Illuminate\\Support\\Facades\\Facade::__callStatic('create', Array)
#7 /Users/carlossilveira/Documents/Personal/techy-laravel/new-laravel/vendor/laravel/framework/src/Illuminate/Database/Migrations/Migrator.php(517): CreateFailedJobsTable->up()
#8 /Users/carlossilveira/Documents/Personal/techy-laravel/new-laravel/vendor/laravel/framework/src/Illuminate/Database/Migrations/Migrator.php(442): Illuminate\\Database\\Migrations\\Migrator->runMethod(Object(Illuminate\\Database\\SQLiteConnection), Object(CreateFailedJobsTable), 'up')
#9 /Users/carlossilveira/Documents/Personal/techy-laravel/new-laravel/vendor/laravel/framework/src/Illuminate/Database/Migrations/Migrator.php(451): Illuminate\\Database\\Migrations\\Migrator->Illuminate\\Database\\Migrations\\{closure}()
#10 /Users/carlossilveira/Documents/Personal/techy-laravel/new-laravel/vendor/laravel/framework/src/Illuminate/Database/Migrations/Migrator.php(253): Illuminate\\Database\\Migrations\\Migrator->runMigration(Object(CreateFailedJobsTable), 'up')
#11 /Users/carlossilveira/Documents/Personal/techy-laravel/new-laravel/vendor/laravel/framework/src/Illuminate/Console/View/Components/Task.php(43): Illuminate\\Database\\Migrations\\Migrator->Illuminate\\Database\\Migrations\\{closure}()
#12 /Users/carlossilveira/Documents/Personal/techy-laravel/new-laravel/vendor/laravel/framework/src/Illuminate/Database/Migrations/Migrator.php(814): Illuminate\\Console\\View\\Components\\Task->render('2019_08_19_0000...', Object(Closure))
#13 /Users/carlossilveira/Documents/Personal/techy-laravel/new-laravel/vendor/laravel/framework/src/Illuminate/Database/Migrations/Migrator.php(253): Illuminate\\Database\\Migrations\\Migrator->write('Illuminate\\\\Cons...', '2019_08_19_0000...', Object(Closure))
#14 /Users/carlossilveira/Documents/Personal/techy-laravel/new-laravel/vendor/laravel/framework/src/Illuminate/Database/Migrations/Migrator.php(211): Illuminate\\Database\\Migrations\\Migrator->runUp('/Users/carlossi...', 2, false)
#15 /Users/carlossilveira/Documents/Personal/techy-laravel/new-laravel/vendor/laravel/framework/src/Illuminate/Database/Migrations/Migrator.php(138): Illuminate\\Database\\Migrations\\Migrator->runPending(Array, Array)
#16 /Users/carlossilveira/Documents/Personal/techy-laravel/new-laravel/vendor/laravel/framework/src/Illuminate/Database/Console/Migrations/MigrateCommand.php(118): Illuminate\\Database\\Migrations\\Migrator->run(Array, Array)
#17 /Users/carlossilveira/Documents/Personal/techy-laravel/new-laravel/vendor/laravel/framework/src/Illuminate/Database/Migrations/Migrator.php(671): Illuminate\\Database\\Console\\Migrations\\MigrateCommand->Illuminate\\Database\\Console\\Migrations\\{closure}()
#18 /Users/carlossilveira/Documents/Personal/techy-laravel/new-laravel/vendor/laravel/framework/src/Illuminate/Database/Console/Migrations/MigrateCommand.php(111): Illuminate\\Database\\Migrations\\Migrator->usingConnection(NULL, Object(Closure))
#19 /Users/carlossilveira/Documents/Personal/techy-laravel/new-laravel/vendor/laravel/framework/src/Illuminate/Database/Console/Migrations/MigrateCommand.php(90): Illuminate\\Database\\Console\\Migrations\\MigrateCommand->runMigrations()
#20 /Users/carlossilveira/Documents/Personal/techy-laravel/new-laravel/vendor/laravel/framework/src/Illuminate/Container/BoundMethod.php(36): Illuminate\\Database\\Console\\Migrations\\MigrateCommand->handle()
#21 /Users/carlossilveira/Documents/Personal/techy-laravel/new-laravel/vendor/laravel/framework/src/Illuminate/Container/Util.php(43): Illuminate\\Container\\BoundMethod::Illuminate\\Container\\{closure}()
#22 /Users/carlossilveira/Documents/Personal/techy-laravel/new-laravel/vendor/laravel/framework/src/Illuminate/Container/BoundMethod.php(96): Illuminate\\Container\\Util::unwrapIfClosure(Object(Closure))
#23 /Users/carlossilveira/Documents/Personal/techy-laravel/new-laravel/vendor/laravel/framework/src/Illuminate/Container/BoundMethod.php(35): Illuminate\\Container\\BoundMethod::callBoundMethod(Object(Illuminate\\Foundation\\Application), Array, Object(Closure))
#24 /Users/carlossilveira/Documents/Personal/techy-laravel/new-laravel/vendor/laravel/framework/src/Illuminate/Container/Container.php(799): Illuminate\\Container\\BoundMethod::call(Object(Illuminate\\Foundation\\Application), Array, Array, NULL)
#25 /Users/carlossilveira/Documents/Personal/techy-laravel/new-laravel/vendor/laravel/framework/src/Illuminate/Console/Command.php(273): Illuminate\\Container\\Container->call(Array)
#26 /Users/carlossilveira/Documents/Personal/techy-laravel/new-laravel/vendor/symfony/console/Command/Command.php(341): Illuminate\\Console\\Command->execute(Object(Symfony\\Component\\Console\\Input\\ArrayInput), Object(Illuminate\\Console\\OutputStyle))
#27 /Users/carlossilveira/Documents/Personal/techy-laravel/new-laravel/vendor/laravel/framework/src/Illuminate/Console/Command.php(242): Symfony\\Component\\Console\\Command\\Command->run(Object(Symfony\\Component\\Console\\Input\\ArrayInput), Object(Illuminate\\Console\\OutputStyle))
#28 /Users/carlossilveira/Documents/Personal/techy-laravel/new-laravel/vendor/laravel/framework/src/Illuminate/Console/Concerns/CallsCommands.php(68): Illuminate\\Console\\Command->run(Object(Symfony\\Component\\Console\\Input\\ArrayInput), Object(Illuminate\\Console\\OutputStyle))
#29 /Users/carlossilveira/Documents/Personal/techy-laravel/new-laravel/vendor/laravel/framework/src/Illuminate/Console/Concerns/CallsCommands.php(29): Illuminate\\Console\\Command->runCommand('migrate', Array, Object(Illuminate\\Console\\OutputStyle))
#30 /Users/carlossilveira/Documents/Personal/techy-laravel/new-laravel/vendor/laravel/framework/src/Illuminate/Foundation/Console/ApiInstallCommand.php(80): Illuminate\\Console\\Command->call('migrate')
#31 /Users/carlossilveira/Documents/Personal/techy-laravel/new-laravel/vendor/laravel/framework/src/Illuminate/Container/BoundMethod.php(36): Illuminate\\Foundation\\Console\\ApiInstallCommand->handle()
#32 /Users/carlossilveira/Documents/Personal/techy-laravel/new-laravel/vendor/laravel/framework/src/Illuminate/Container/Util.php(43): Illuminate\\Container\\BoundMethod::Illuminate\\Container\\{closure}()
#33 /Users/carlossilveira/Documents/Personal/techy-laravel/new-laravel/vendor/laravel/framework/src/Illuminate/Container/BoundMethod.php(96): Illuminate\\Container\\Util::unwrapIfClosure(Object(Closure))
#34 /Users/carlossilveira/Documents/Personal/techy-laravel/new-laravel/vendor/laravel/framework/src/Illuminate/Container/BoundMethod.php(35): Illuminate\\Container\\BoundMethod::callBoundMethod(Object(Illuminate\\Foundation\\Application), Array, Object(Closure))
#35 /Users/carlossilveira/Documents/Personal/techy-laravel/new-laravel/vendor/laravel/framework/src/Illuminate/Container/Container.php(799): Illuminate\\Container\\BoundMethod::call(Object(Illuminate\\Foundation\\Application), Array, Array, NULL)
#36 /Users/carlossilveira/Documents/Personal/techy-laravel/new-laravel/vendor/laravel/framework/src/Illuminate/Console/Command.php(273): Illuminate\\Container\\Container->call(Array)
#37 /Users/carlossilveira/Documents/Personal/techy-laravel/new-laravel/vendor/symfony/console/Command/Command.php(341): Illuminate\\Console\\Command->execute(Object(Symfony\\Component\\Console\\Input\\ArgvInput), Object(Illuminate\\Console\\OutputStyle))
#38 /Users/carlossilveira/Documents/Personal/techy-laravel/new-laravel/vendor/laravel/framework/src/Illuminate/Console/Command.php(242): Symfony\\Component\\Console\\Command\\Command->run(Object(Symfony\\Component\\Console\\Input\\ArgvInput), Object(Illuminate\\Console\\OutputStyle))
#39 /Users/carlossilveira/Documents/Personal/techy-laravel/new-laravel/vendor/symfony/console/Application.php(1117): Illuminate\\Console\\Command->run(Object(Symfony\\Component\\Console\\Input\\ArgvInput), Object(Symfony\\Component\\Console\\Output\\ConsoleOutput))
#40 /Users/carlossilveira/Documents/Personal/techy-laravel/new-laravel/vendor/symfony/console/Application.php(356): Symfony\\Component\\Console\\Application->doRunCommand(Object(Illuminate\\Foundation\\Console\\ApiInstallCommand), Object(Symfony\\Component\\Console\\Input\\ArgvInput), Object(Symfony\\Component\\Console\\Output\\ConsoleOutput))
#41 /Users/carlossilveira/Documents/Personal/techy-laravel/new-laravel/vendor/symfony/console/Application.php(195): Symfony\\Component\\Console\\Application->doRun(Object(Symfony\\Component\\Console\\Input\\ArgvInput), Object(Symfony\\Component\\Console\\Output\\ConsoleOutput))
#42 /Users/carlossilveira/Documents/Personal/techy-laravel/new-laravel/vendor/laravel/framework/src/Illuminate/Foundation/Console/Kernel.php(198): Symfony\\Component\\Console\\Application->run(Object(Symfony\\Component\\Console\\Input\\ArgvInput), Object(Symfony\\Component\\Console\\Output\\ConsoleOutput))
#43 /Users/carlossilveira/Documents/Personal/techy-laravel/new-laravel/vendor/laravel/framework/src/Illuminate/Foundation/Application.php(1235): Illuminate\\Foundation\\Console\\Kernel->handle(Object(Symfony\\Component\\Console\\Input\\ArgvInput), Object(Symfony\\Component\\Console\\Output\\ConsoleOutput))
#44 /Users/carlossilveira/Documents/Personal/techy-laravel/new-laravel/artisan(16): Illuminate\\Foundation\\Application->handleCommand(Object(Symfony\\Component\\Console\\Input\\ArgvInput))
#45 {main}

[previous exception] [object] (PDOException(code: HY000): SQLSTATE[HY000]: General error: 1 table \"failed_jobs\" already exists at /Users/carlossilveira/Documents/Personal/techy-laravel/new-laravel/vendor/laravel/framework/src/Illuminate/Database/Connection.php:581)
[stacktrace]
#0 /Users/carlossilveira/Documents/Personal/techy-laravel/new-laravel/vendor/laravel/framework/src/Illuminate/Database/Connection.php(581): PDO->prepare('create table \"f...')
#1 /Users/carlossilveira/Documents/Personal/techy-laravel/new-laravel/vendor/laravel/framework/src/Illuminate/Database/Connection.php(830): Illuminate\\Database\\Connection->Illuminate\\Database\\{closure}('create table \"f...', Array)
#2 /Users/carlossilveira/Documents/Personal/techy-laravel/new-laravel/vendor/laravel/framework/src/Illuminate/Database/Connection.php(797): Illuminate\\Database\\Connection->runQueryCallback('create table \"f...', Array, Object(Closure))
#3 /Users/carlossilveira/Documents/Personal/techy-laravel/new-laravel/vendor/laravel/framework/src/Illuminate/Database/Connection.php(576): Illuminate\\Database\\Connection->run('create table \"f...', Array, Object(Closure))
#4 /Users/carlossilveira/Documents/Personal/techy-laravel/new-laravel/vendor/laravel/framework/src/Illuminate/Database/Schema/Blueprint.php(121): Illuminate\\Database\\Connection->statement('create table \"f...')
#5 /Users/carlossilveira/Documents/Personal/techy-laravel/new-laravel/vendor/laravel/framework/src/Illuminate/Database/Schema/Builder.php(690): Illuminate\\Database\\Schema\\Blueprint->build()
#6 /Users/carlossilveira/Documents/Personal/techy-laravel/new-laravel/vendor/laravel/framework/src/Illuminate/Database/Schema/Builder.php(508): Illuminate\\Database\\Schema\\Builder->build(Object(Illuminate\\Database\\Schema\\Blueprint))
#7 /Users/carlossilveira/Documents/Personal/techy-laravel/new-laravel/vendor/laravel/framework/src/Illuminate/Support/Facades/Facade.php(363): Illuminate\\Database\\Schema\\Builder->create('failed_jobs', Object(Closure))
#8 /Users/carlossilveira/Documents/Personal/techy-laravel/new-laravel/database/migrations/2019_08_19_000000_create_failed_jobs_table.php(16): Illuminate\\Support\\Facades\\Facade::__callStatic('create', Array)
#9 /Users/carlossilveira/Documents/Personal/techy-laravel/new-laravel/vendor/laravel/framework/src/Illuminate/Database/Migrations/Migrator.php(517): CreateFailedJobsTable->up()
#10 /Users/carlossilveira/Documents/Personal/techy-laravel/new-laravel/vendor/laravel/framework/src/Illuminate/Database/Migrations/Migrator.php(442): Illuminate\\Database\\Migrations\\Migrator->runMethod(Object(Illuminate\\Database\\SQLiteConnection), Object(CreateFailedJobsTable), 'up')
#11 /Users/carlossilveira/Documents/Personal/techy-laravel/new-laravel/vendor/laravel/framework/src/Illuminate/Database/Migrations/Migrator.php(451): Illuminate\\Database\\Migrations\\Migrator->Illuminate\\Database\\Migrations\\{closure}()
#12 /Users/carlossilveira/Documents/Personal/techy-laravel/new-laravel/vendor/laravel/framework/src/Illuminate/Database/Migrations/Migrator.php(253): Illuminate\\Database\\Migrations\\Migrator->runMigration(Object(CreateFailedJobsTable), 'up')
#13 /Users/carlossilveira/Documents/Personal/techy-laravel/new-laravel/vendor/laravel/framework/src/Illuminate/Console/View/Components/Task.php(43): Illuminate\\Database\\Migrations\\Migrator->Illuminate\\Database\\Migrations\\{closure}()
#14 /Users/carlossilveira/Documents/Personal/techy-laravel/new-laravel/vendor/laravel/framework/src/Illuminate/Database/Migrations/Migrator.php(814): Illuminate\\Console\\View\\Components\\Task->render('2019_08_19_0000...', Object(Closure))
#15 /Users/carlossilveira/Documents/Personal/techy-laravel/new-laravel/vendor/laravel/framework/src/Illuminate/Database/Migrations/Migrator.php(253): Illuminate\\Database\\Migrations\\Migrator->write('Illuminate\\\\Cons...', '2019_08_19_0000...', Object(Closure))
#16 /Users/carlossilveira/Documents/Personal/techy-laravel/new-laravel/vendor/laravel/framework/src/Illuminate/Database/Migrations/Migrator.php(211): Illuminate\\Database\\Migrations\\Migrator->runUp('/Users/carlossi...', 2, false)
#17 /Users/carlossilveira/Documents/Personal/techy-laravel/new-laravel/vendor/laravel/framework/src/Illuminate/Database/Migrations/Migrator.php(138): Illuminate\\Database\\Migrations\\Migrator->runPending(Array, Array)
#18 /Users/carlossilveira/Documents/Personal/techy-laravel/new-laravel/vendor/laravel/framework/src/Illuminate/Database/Console/Migrations/MigrateCommand.php(118): Illuminate\\Database\\Migrations\\Migrator->run(Array, Array)
#19 /Users/carlossilveira/Documents/Personal/techy-laravel/new-laravel/vendor/laravel/framework/src/Illuminate/Database/Migrations/Migrator.php(671): Illuminate\\Database\\Console\\Migrations\\MigrateCommand->Illuminate\\Database\\Console\\Migrations\\{closure}()
#20 /Users/carlossilveira/Documents/Personal/techy-laravel/new-laravel/vendor/laravel/framework/src/Illuminate/Database/Console/Migrations/MigrateCommand.php(111): Illuminate\\Database\\Migrations\\Migrator->usingConnection(NULL, Object(Closure))
#21 /Users/carlossilveira/Documents/Personal/techy-laravel/new-laravel/vendor/laravel/framework/src/Illuminate/Database/Console/Migrations/MigrateCommand.php(90): Illuminate\\Database\\Console\\Migrations\\MigrateCommand->runMigrations()
#22 /Users/carlossilveira/Documents/Personal/techy-laravel/new-laravel/vendor/laravel/framework/src/Illuminate/Container/BoundMethod.php(36): Illuminate\\Database\\Console\\Migrations\\MigrateCommand->handle()
#23 /Users/carlossilveira/Documents/Personal/techy-laravel/new-laravel/vendor/laravel/framework/src/Illuminate/Container/Util.php(43): Illuminate\\Container\\BoundMethod::Illuminate\\Container\\{closure}()
#24 /Users/carlossilveira/Documents/Personal/techy-laravel/new-laravel/vendor/laravel/framework/src/Illuminate/Container/BoundMethod.php(96): Illuminate\\Container\\Util::unwrapIfClosure(Object(Closure))
#25 /Users/carlossilveira/Documents/Personal/techy-laravel/new-laravel/vendor/laravel/framework/src/Illuminate/Container/BoundMethod.php(35): Illuminate\\Container\\BoundMethod::callBoundMethod(Object(Illuminate\\Foundation\\Application), Array, Object(Closure))
#26 /Users/carlossilveira/Documents/Personal/techy-laravel/new-laravel/vendor/laravel/framework/src/Illuminate/Container/Container.php(799): Illuminate\\Container\\BoundMethod::call(Object(Illuminate\\Foundation\\Application), Array, Array, NULL)
#27 /Users/carlossilveira/Documents/Personal/techy-laravel/new-laravel/vendor/laravel/framework/src/Illuminate/Console/Command.php(273): Illuminate\\Container\\Container->call(Array)
#28 /Users/carlossilveira/Documents/Personal/techy-laravel/new-laravel/vendor/symfony/console/Command/Command.php(341): Illuminate\\Console\\Command->execute(Object(Symfony\\Component\\Console\\Input\\ArrayInput), Object(Illuminate\\Console\\OutputStyle))
#29 /Users/carlossilveira/Documents/Personal/techy-laravel/new-laravel/vendor/laravel/framework/src/Illuminate/Console/Command.php(242): Symfony\\Component\\Console\\Command\\Command->run(Object(Symfony\\Component\\Console\\Input\\ArrayInput), Object(Illuminate\\Console\\OutputStyle))
#30 /Users/carlossilveira/Documents/Personal/techy-laravel/new-laravel/vendor/laravel/framework/src/Illuminate/Console/Concerns/CallsCommands.php(68): Illuminate\\Console\\Command->run(Object(Symfony\\Component\\Console\\Input\\ArrayInput), Object(Illuminate\\Console\\OutputStyle))
#31 /Users/carlossilveira/Documents/Personal/techy-laravel/new-laravel/vendor/laravel/framework/src/Illuminate/Console/Concerns/CallsCommands.php(29): Illuminate\\Console\\Command->runCommand('migrate', Array, Object(Illuminate\\Console\\OutputStyle))
#32 /Users/carlossilveira/Documents/Personal/techy-laravel/new-laravel/vendor/laravel/framework/src/Illuminate/Foundation/Console/ApiInstallCommand.php(80): Illuminate\\Console\\Command->call('migrate')
#33 /Users/carlossilveira/Documents/Personal/techy-laravel/new-laravel/vendor/laravel/framework/src/Illuminate/Container/BoundMethod.php(36): Illuminate\\Foundation\\Console\\ApiInstallCommand->handle()
#34 /Users/carlossilveira/Documents/Personal/techy-laravel/new-laravel/vendor/laravel/framework/src/Illuminate/Container/Util.php(43): Illuminate\\Container\\BoundMethod::Illuminate\\Container\\{closure}()
#35 /Users/carlossilveira/Documents/Personal/techy-laravel/new-laravel/vendor/laravel/framework/src/Illuminate/Container/BoundMethod.php(96): Illuminate\\Container\\Util::unwrapIfClosure(Object(Closure))
#36 /Users/carlossilveira/Documents/Personal/techy-laravel/new-laravel/vendor/laravel/framework/src/Illuminate/Container/BoundMethod.php(35): Illuminate\\Container\\BoundMethod::callBoundMethod(Object(Illuminate\\Foundation\\Application), Array, Object(Closure))
#37 /Users/carlossilveira/Documents/Personal/techy-laravel/new-laravel/vendor/laravel/framework/src/Illuminate/Container/Container.php(799): Illuminate\\Container\\BoundMethod::call(Object(Illuminate\\Foundation\\Application), Array, Array, NULL)
#38 /Users/carlossilveira/Documents/Personal/techy-laravel/new-laravel/vendor/laravel/framework/src/Illuminate/Console/Command.php(273): Illuminate\\Container\\Container->call(Array)
#39 /Users/carlossilveira/Documents/Personal/techy-laravel/new-laravel/vendor/symfony/console/Command/Command.php(341): Illuminate\\Console\\Command->execute(Object(Symfony\\Component\\Console\\Input\\ArgvInput), Object(Illuminate\\Console\\OutputStyle))
#40 /Users/carlossilveira/Documents/Personal/techy-laravel/new-laravel/vendor/laravel/framework/src/Illuminate/Console/Command.php(242): Symfony\\Component\\Console\\Command\\Command->run(Object(Symfony\\Component\\Console\\Input\\ArgvInput), Object(Illuminate\\Console\\OutputStyle))
#41 /Users/carlossilveira/Documents/Personal/techy-laravel/new-laravel/vendor/symfony/console/Application.php(1117): Illuminate\\Console\\Command->run(Object(Symfony\\Component\\Console\\Input\\ArgvInput), Object(Symfony\\Component\\Console\\Output\\ConsoleOutput))
#42 /Users/carlossilveira/Documents/Personal/techy-laravel/new-laravel/vendor/symfony/console/Application.php(356): Symfony\\Component\\Console\\Application->doRunCommand(Object(Illuminate\\Foundation\\Console\\ApiInstallCommand), Object(Symfony\\Component\\Console\\Input\\ArgvInput), Object(Symfony\\Component\\Console\\Output\\ConsoleOutput))
#43 /Users/carlossilveira/Documents/Personal/techy-laravel/new-laravel/vendor/symfony/console/Application.php(195): Symfony\\Component\\Console\\Application->doRun(Object(Symfony\\Component\\Console\\Input\\ArgvInput), Object(Symfony\\Component\\Console\\Output\\ConsoleOutput))
#44 /Users/carlossilveira/Documents/Personal/techy-laravel/new-laravel/vendor/laravel/framework/src/Illuminate/Foundation/Console/Kernel.php(198): Symfony\\Component\\Console\\Application->run(Object(Symfony\\Component\\Console\\Input\\ArgvInput), Object(Symfony\\Component\\Console\\Output\\ConsoleOutput))
#45 /Users/carlossilveira/Documents/Personal/techy-laravel/new-laravel/vendor/laravel/framework/src/Illuminate/Foundation/Application.php(1235): Illuminate\\Foundation\\Console\\Kernel->handle(Object(Symfony\\Component\\Console\\Input\\ArgvInput), Object(Symfony\\Component\\Console\\Output\\ConsoleOutput))
#46 /Users/carlossilveira/Documents/Personal/techy-laravel/new-laravel/artisan(16): Illuminate\\Foundation\\Application->handleCommand(Object(Symfony\\Component\\Console\\Input\\ArgvInput))
#47 {main}
"} 
[2026-03-17 22:54:37] local.ERROR: AI Connection Error: cURL error 7: Failed to connect to localhost port 8080 after 0 ms: Could not connect to server (see https://curl.haxx.se/libcurl/c/libcurl-errors.html) for http://localhost:8080/v1/chat/completions  
[2026-03-17 22:58:45] local.ERROR: Undefined constant "App\Console\Commands\GenerateSddFromOpenApiopenapi" {"exception":"[object] (Error(code: 0): Undefined constant \"App\\Console\\Commands\\GenerateSddFromOpenApiopenapi\" at /Users/carlossilveira/Documents/Personal/techy-laravel/new-laravel/app/Console/Commands/GenerateSddFromOpenApi.php:25)
[stacktrace]
#0 /Users/carlossilveira/Documents/Personal/techy-laravel/new-laravel/vendor/laravel/framework/src/Illuminate/Container/BoundMethod.php(36): App\\Console\\Commands\\GenerateSddFromOpenApi->handle()
#1 /Users/carlossilveira/Documents/Personal/techy-laravel/new-laravel/vendor/laravel/framework/src/Illuminate/Container/Util.php(43): Illuminate\\Container\\BoundMethod::Illuminate\\Container\\{closure}()
#2 /Users/carlossilveira/Documents/Personal/techy-laravel/new-laravel/vendor/laravel/framework/src/Illuminate/Container/BoundMethod.php(96): Illuminate\\Container\\Util::unwrapIfClosure(Object(Closure))
#3 /Users/carlossilveira/Documents/Personal/techy-laravel/new-laravel/vendor/laravel/framework/src/Illuminate/Container/BoundMethod.php(35): Illuminate\\Container\\BoundMethod::callBoundMethod(Object(Illuminate\\Foundation\\Application), Array, Object(Closure))
#4 /Users/carlossilveira/Documents/Personal/techy-laravel/new-laravel/vendor/laravel/framework/src/Illuminate/Container/Container.php(799): Illuminate\\Container\\BoundMethod::call(Object(Illuminate\\Foundation\\Application), Array, Array, NULL)
#5 /Users/carlossilveira/Documents/Personal/techy-laravel/new-laravel/vendor/laravel/framework/src/Illuminate/Console/Command.php(273): Illuminate\\Container\\Container->call(Array)
#6 /Users/carlossilveira/Documents/Personal/techy-laravel/new-laravel/vendor/symfony/console/Command/Command.php(341): Illuminate\\Console\\Command->execute(Object(Symfony\\Component\\Console\\Input\\ArgvInput), Object(Illuminate\\Console\\OutputStyle))
#7 /Users/carlossilveira/Documents/Personal/techy-laravel/new-laravel/vendor/laravel/framework/src/Illuminate/Console/Command.php(242): Symfony\\Component\\Console\\Command\\Command->run(Object(Symfony\\Component\\Console\\Input\\ArgvInput), Object(Illuminate\\Console\\OutputStyle))
#8 /Users/carlossilveira/Documents/Personal/techy-laravel/new-laravel/vendor/symfony/console/Application.php(1117): Illuminate\\Console\\Command->run(Object(Symfony\\Component\\Console\\Input\\ArgvInput), Object(Symfony\\Component\\Console\\Output\\ConsoleOutput))
#9 /Users/carlossilveira/Documents/Personal/techy-laravel/new-laravel/vendor/symfony/console/Application.php(356): Symfony\\Component\\Console\\Application->doRunCommand(Object(App\\Console\\Commands\\GenerateSddFromOpenApi), Object(Symfony\\Component\\Console\\Input\\ArgvInput), Object(Symfony\\Component\\Console\\Output\\ConsoleOutput))
#10 /Users/carlossilveira/Documents/Personal/techy-laravel/new-laravel/vendor/symfony/console/Application.php(195): Symfony\\Component\\Console\\Application->doRun(Object(Symfony\\Component\\Console\\Input\\ArgvInput), Object(Symfony\\Component\\Console\\Output\\ConsoleOutput))
#11 /Users/carlossilveira/Documents/Personal/techy-laravel/new-laravel/vendor/laravel/framework/src/Illuminate/Foundation/Console/Kernel.php(198): Symfony\\Component\\Console\\Application->run(Object(Symfony\\Component\\Console\\Input\\ArgvInput), Object(Symfony\\Component\\Console\\Output\\ConsoleOutput))
#12 /Users/carlossilveira/Documents/Personal/techy-laravel/new-laravel/vendor/laravel/framework/src/Illuminate/Foundation/Application.php(1235): Illuminate\\Foundation\\Console\\Kernel->handle(Object(Symfony\\Component\\Console\\Input\\ArgvInput), Object(Symfony\\Component\\Console\\Output\\ConsoleOutput))
#13 /Users/carlossilveira/Documents/Personal/techy-laravel/new-laravel/artisan(16): Illuminate\\Foundation\\Application->handleCommand(Object(Symfony\\Component\\Console\\Input\\ArgvInput))
#14 {main}
"} 
[2026-03-17 22:59:24] local.ERROR: Array to string conversion {"exception":"[object] (ErrorException(code: 0): Array to string conversion at /Users/carlossilveira/Documents/Personal/techy-laravel/new-laravel/app/Console/Commands/GenerateSddFromOpenApi.php:80)
[stacktrace]
#0 /Users/carlossilveira/Documents/Personal/techy-laravel/new-laravel/vendor/laravel/framework/src/Illuminate/Foundation/Bootstrap/HandleExceptions.php(258): Illuminate\\Foundation\\Bootstrap\\HandleExceptions->handleError(2, 'Array to string...', '/Users/carlossi...', 80)
#1 /Users/carlossilveira/Documents/Personal/techy-laravel/new-laravel/app/Console/Commands/GenerateSddFromOpenApi.php(80): Illuminate\\Foundation\\Bootstrap\\HandleExceptions->Illuminate\\Foundation\\Bootstrap\\{closure}(2, 'Array to string...', '/Users/carlossi...', 80)
#2 /Users/carlossilveira/Documents/Personal/techy-laravel/new-laravel/vendor/laravel/framework/src/Illuminate/Container/BoundMethod.php(36): App\\Console\\Commands\\GenerateSddFromOpenApi->handle()
#3 /Users/carlossilveira/Documents/Personal/techy-laravel/new-laravel/vendor/laravel/framework/src/Illuminate/Container/Util.php(43): Illuminate\\Container\\BoundMethod::Illuminate\\Container\\{closure}()
#4 /Users/carlossilveira/Documents/Personal/techy-laravel/new-laravel/vendor/laravel/framework/src/Illuminate/Container/BoundMethod.php(96): Illuminate\\Container\\Util::unwrapIfClosure(Object(Closure))
#5 /Users/carlossilveira/Documents/Personal/techy-laravel/new-laravel/vendor/laravel/framework/src/Illuminate/Container/BoundMethod.php(35): Illuminate\\Container\\BoundMethod::callBoundMethod(Object(Illuminate\\Foundation\\Application), Array, Object(Closure))
#6 /Users/carlossilveira/Documents/Personal/techy-laravel/new-laravel/vendor/laravel/framework/src/Illuminate/Container/Container.php(799): Illuminate\\Container\\BoundMethod::call(Object(Illuminate\\Foundation\\Application), Array, Array, NULL)
#7 /Users/carlossilveira/Documents/Personal/techy-laravel/new-laravel/vendor/laravel/framework/src/Illuminate/Console/Command.php(273): Illuminate\\Container\\Container->call(Array)
#8 /Users/carlossilveira/Documents/Personal/techy-laravel/new-laravel/vendor/symfony/console/Command/Command.php(341): Illuminate\\Console\\Command->execute(Object(Symfony\\Component\\Console\\Input\\ArgvInput), Object(Illuminate\\Console\\OutputStyle))
#9 /Users/carlossilveira/Documents/Personal/techy-laravel/new-laravel/vendor/laravel/framework/src/Illuminate/Console/Command.php(242): Symfony\\Component\\Console\\Command\\Command->run(Object(Symfony\\Component\\Console\\Input\\ArgvInput), Object(Illuminate\\Console\\OutputStyle))
#10 /Users/carlossilveira/Documents/Personal/techy-laravel/new-laravel/vendor/symfony/console/Application.php(1117): Illuminate\\Console\\Command->run(Object(Symfony\\Component\\Console\\Input\\ArgvInput), Object(Symfony\\Component\\Console\\Output\\ConsoleOutput))
#11 /Users/carlossilveira/Documents/Personal/techy-laravel/new-laravel/vendor/symfony/console/Application.php(356): Symfony\\Component\\Console\\Application->doRunCommand(Object(App\\Console\\Commands\\GenerateSddFromOpenApi), Object(Symfony\\Component\\Console\\Input\\ArgvInput), Object(Symfony\\Component\\Console\\Output\\ConsoleOutput))
#12 /Users/carlossilveira/Documents/Personal/techy-laravel/new-laravel/vendor/symfony/console/Application.php(195): Symfony\\Component\\Console\\Application->doRun(Object(Symfony\\Component\\Console\\Input\\ArgvInput), Object(Symfony\\Component\\Console\\Output\\ConsoleOutput))
#13 /Users/carlossilveira/Documents/Personal/techy-laravel/new-laravel/vendor/laravel/framework/src/Illuminate/Foundation/Console/Kernel.php(198): Symfony\\Component\\Console\\Application->run(Object(Symfony\\Component\\Console\\Input\\ArgvInput), Object(Symfony\\Component\\Console\\Output\\ConsoleOutput))
#14 /Users/carlossilveira/Documents/Personal/techy-laravel/new-laravel/vendor/laravel/framework/src/Illuminate/Foundation/Application.php(1235): Illuminate\\Foundation\\Console\\Kernel->handle(Object(Symfony\\Component\\Console\\Input\\ArgvInput), Object(Symfony\\Component\\Console\\Output\\ConsoleOutput))
#15 /Users/carlossilveira/Documents/Personal/techy-laravel/new-laravel/artisan(16): Illuminate\\Foundation\\Application->handleCommand(Object(Symfony\\Component\\Console\\Input\\ArgvInput))
#16 {main}
"} 
[2026-03-18 23:12:57] local.ERROR: There are no commands defined in the "article" namespace. {"exception":"[object] (Symfony\\Component\\Console\\Exception\\NamespaceNotFoundException(code: 0): There are no commands defined in the \"article\" namespace. at /Users/carlossilveira/Documents/Personal/techy-laravel/new-laravel/vendor/symfony/console/Application.php:694)
[stacktrace]
#0 /Users/carlossilveira/Documents/Personal/techy-laravel/new-laravel/vendor/symfony/console/Application.php(743): Symfony\\Component\\Console\\Application->findNamespace('article')
#1 /Users/carlossilveira/Documents/Personal/techy-laravel/new-laravel/vendor/symfony/console/Application.php(298): Symfony\\Component\\Console\\Application->find('article:fix-enc...')
#2 /Users/carlossilveira/Documents/Personal/techy-laravel/new-laravel/vendor/symfony/console/Application.php(195): Symfony\\Component\\Console\\Application->doRun(Object(Symfony\\Component\\Console\\Input\\ArgvInput), Object(Symfony\\Component\\Console\\Output\\ConsoleOutput))
#3 /Users/carlossilveira/Documents/Personal/techy-laravel/new-laravel/vendor/laravel/framework/src/Illuminate/Foundation/Console/Kernel.php(198): Symfony\\Component\\Console\\Application->run(Object(Symfony\\Component\\Console\\Input\\ArgvInput), Object(Symfony\\Component\\Console\\Output\\ConsoleOutput))
#4 /Users/carlossilveira/Documents/Personal/techy-laravel/new-laravel/vendor/laravel/framework/src/Illuminate/Foundation/Application.php(1235): Illuminate\\Foundation\\Console\\Kernel->handle(Object(Symfony\\Component\\Console\\Input\\ArgvInput), Object(Symfony\\Component\\Console\\Output\\ConsoleOutput))
#5 /Users/carlossilveira/Documents/Personal/techy-laravel/new-laravel/artisan(16): Illuminate\\Foundation\\Application->handleCommand(Object(Symfony\\Component\\Console\\Input\\ArgvInput))
#6 {main}
"} 
